Unity Editor version:    2021.3.16f1 (4016570cf34f)
Branch:                  2021.3/staging
Build type:              Release
Batch mode:              YES
macOS version:           Version 13.0.1 (Build 22A400)
Darwin version:          22.1.0
Architecture:            x86_64
Running under Rosetta:   NO
Available memory:        32768 MB
Using pre-set license
Pro License: YES

COMMAND LINE ARGUMENTS:
/Applications/Unity/Hub/Editor/2021.3.16f1/Unity.app/Contents/MacOS/Unity
-adb2
-batchMode
-noUpm
-name
AssetImportWorker0
-projectPath
/Users/saragraveline/Desktop/CART 315/Bunny-Detective--Tile-Hunt-Adventure/Bunny Detective - Tile Hunt Adventure
-logFile
Logs/AssetImportWorker0.log
-srvPort
58542
Successfully changed project path to: /Users/saragraveline/Desktop/CART 315/Bunny-Detective--Tile-Hunt-Adventure/Bunny Detective - Tile Hunt Adventure
/Users/saragraveline/Desktop/CART 315/Bunny-Detective--Tile-Hunt-Adventure/Bunny Detective - Tile Hunt Adventure
[UnityMemory] Configuration Parameters - Can be set up in boot.config
    "memorysetup-bucket-allocator-granularity=16"
    "memorysetup-bucket-allocator-bucket-count=8"
    "memorysetup-bucket-allocator-block-size=33554432"
    "memorysetup-bucket-allocator-block-count=8"
    "memorysetup-main-allocator-block-size=16777216"
    "memorysetup-thread-allocator-block-size=16777216"
    "memorysetup-gfx-main-allocator-block-size=16777216"
    "memorysetup-gfx-thread-allocator-block-size=16777216"
    "memorysetup-cache-allocator-block-size=4194304"
    "memorysetup-typetree-allocator-block-size=2097152"
    "memorysetup-profiler-bucket-allocator-granularity=16"
    "memorysetup-profiler-bucket-allocator-bucket-count=8"
    "memorysetup-profiler-bucket-allocator-block-size=33554432"
    "memorysetup-profiler-bucket-allocator-block-count=8"
    "memorysetup-profiler-allocator-block-size=16777216"
    "memorysetup-profiler-editor-allocator-block-size=1048576"
    "memorysetup-temp-allocator-size-main=16777216"
    "memorysetup-job-temp-allocator-block-size=2097152"
    "memorysetup-job-temp-allocator-block-size-background=1048576"
    "memorysetup-job-temp-allocator-reduction-small-platforms=262144"
    "memorysetup-temp-allocator-size-background-worker=32768"
    "memorysetup-temp-allocator-size-job-worker=262144"
    "memorysetup-temp-allocator-size-preload-manager=33554432"
    "memorysetup-temp-allocator-size-nav-mesh-worker=65536"
    "memorysetup-temp-allocator-size-audio-worker=65536"
    "memorysetup-temp-allocator-size-cloud-worker=32768"
    "memorysetup-temp-allocator-size-gi-baking-worker=262144"
    "memorysetup-temp-allocator-size-gfx=262144"
Player connection [140704720417984] Host "[IP] 192.168.2.11 [Port] 0 [Flags] 2 [Guid] 3853134809 [EditorId] 3853134809 [Version] 1048832 [Id] OSXEditor(0,Saras-MacBook-Pro.local) [Debug] 1 [PackageName] OSXEditor [ProjectName] Editor" joined multi-casting on [225.0.0.222:54997]...

Player connection [140704720417984] Host "[IP] 192.168.2.11 [Port] 0 [Flags] 2 [Guid] 3853134809 [EditorId] 3853134809 [Version] 1048832 [Id] OSXEditor(0,Saras-MacBook-Pro.local) [Debug] 1 [PackageName] OSXEditor [ProjectName] Editor" joined alternative multi-casting on [225.0.0.222:34997]...

Refreshing native plugins compatible for Editor in 110.17 ms, found 2 plugins.
Preloading 0 native plugins for Editor in 0.00 ms.
Initialize engine version: 2021.3.16f1 (4016570cf34f)
[Subsystems] Discovering subsystems at path /Applications/Unity/Hub/Editor/2021.3.16f1/Unity.app/Contents/Resources/UnitySubsystems
[Subsystems] Discovering subsystems at path /Users/saragraveline/Desktop/CART 315/Bunny-Detective--Tile-Hunt-Adventure/Bunny Detective - Tile Hunt Adventure/Assets
GfxDevice: creating device client; threaded=0; jobified=0
Color LCD preferred device: AMD Radeon Pro 5500M (high power)
Metal devices available: 2
0: AMD Radeon Pro 5500M (high power)
1: Intel(R) UHD Graphics 630 (low power)
Using device AMD Radeon Pro 5500M (high power)
Initializing Metal device caps: AMD Radeon Pro 5500M
Initialize mono
Mono path[0] = '/Applications/Unity/Hub/Editor/2021.3.16f1/Unity.app/Contents/Managed'
Mono path[1] = '/Applications/Unity/Hub/Editor/2021.3.16f1/Unity.app/Contents/MonoBleedingEdge/lib/mono/unityjit-macos'
Mono config path = '/Applications/Unity/Hub/Editor/2021.3.16f1/Unity.app/Contents/MonoBleedingEdge/etc'
Using monoOptions --debugger-agent=transport=dt_socket,embedding=1,server=y,suspend=n,address=127.0.0.1:56773
Begin MonoManager ReloadAssembly
Registering precompiled unity dll's ...
Register platform support module: /Applications/Unity/Hub/Editor/2021.3.16f1/Unity.app/Contents/PlaybackEngines/MacStandaloneSupport/UnityEditor.OSXStandalone.Extensions.dll
Registered in 0.004127 seconds.
Native extension for OSXStandalone target not found
Refreshing native plugins compatible for Editor in 79.86 ms, found 2 plugins.
Preloading 0 native plugins for Editor in 0.00 ms.
Mono: successfully reloaded assembly
- Completed reload, in  0.766 seconds
Domain Reload Profiling:
	ReloadAssembly (766ms)
		BeginReloadAssembly (107ms)
			ExecutionOrderSort (0ms)
			DisableScriptedObjects (0ms)
			BackupInstance (0ms)
			ReleaseScriptingObjects (0ms)
			CreateAndSetChildDomain (1ms)
		EndReloadAssembly (537ms)
			LoadAssemblies (109ms)
			RebuildTransferFunctionScriptingTraits (0ms)
			SetupTypeCache (120ms)
			ReleaseScriptCaches (0ms)
			RebuildScriptCaches (30ms)
			SetupLoadedEditorAssemblies (338ms)
				LogAssemblyErrors (0ms)
				InitializePlatformSupportModulesInManaged (7ms)
				SetLoadedEditorAssemblies (0ms)
				RefreshPlugins (80ms)
				BeforeProcessingInitializeOnLoad (1ms)
				ProcessInitializeOnLoadAttributes (204ms)
				ProcessInitializeOnLoadMethodAttributes (45ms)
				AfterProcessingInitializeOnLoad (0ms)
				EditorAssembliesLoaded (0ms)
			ExecutionOrderSort2 (0ms)
			AwakeInstancesAfterBackupRestoration (0ms)
Platform modules already initialized, skipping
Registering precompiled user dll's ...
Registered in 0.014450 seconds.
Begin MonoManager ReloadAssembly
Symbol file LoadedFromMemory doesn't match image /Users/saragraveline/Desktop/CART 315/Bunny-Detective--Tile-Hunt-Adventure/Bunny Detective - Tile Hunt Adventure/Library/PackageCache/com.unity.visualscripting@1.7.8/Editor/VisualScripting.Core/Dependencies/YamlDotNet/Unity.VisualScripting.YamlDotNet.dll
Symbol file LoadedFromMemory doesn't match image /Users/saragraveline/Desktop/CART 315/Bunny-Detective--Tile-Hunt-Adventure/Bunny Detective - Tile Hunt Adventure/Library/PackageCache/com.unity.visualscripting@1.7.8/Editor/VisualScripting.Core/Dependencies/DotNetZip/Unity.VisualScripting.IonicZip.dll
Native extension for OSXStandalone target not found
Refreshing native plugins compatible for Editor in 0.60 ms, found 2 plugins.
Preloading 0 native plugins for Editor in 0.00 ms.
Mono: successfully reloaded assembly
- Completed reload, in  1.268 seconds
Domain Reload Profiling:
	ReloadAssembly (1269ms)
		BeginReloadAssembly (106ms)
			ExecutionOrderSort (0ms)
			DisableScriptedObjects (6ms)
			BackupInstance (0ms)
			ReleaseScriptingObjects (0ms)
			CreateAndSetChildDomain (22ms)
		EndReloadAssembly (1038ms)
			LoadAssemblies (87ms)
			RebuildTransferFunctionScriptingTraits (0ms)
			SetupTypeCache (334ms)
			ReleaseScriptCaches (1ms)
			RebuildScriptCaches (61ms)
			SetupLoadedEditorAssemblies (500ms)
				LogAssemblyErrors (0ms)
				InitializePlatformSupportModulesInManaged (4ms)
				SetLoadedEditorAssemblies (0ms)
				RefreshPlugins (1ms)
				BeforeProcessingInitializeOnLoad (87ms)
				ProcessInitializeOnLoadAttributes (365ms)
				ProcessInitializeOnLoadMethodAttributes (40ms)
				AfterProcessingInitializeOnLoad (3ms)
				EditorAssembliesLoaded (0ms)
			ExecutionOrderSort2 (0ms)
			AwakeInstancesAfterBackupRestoration (7ms)
Platform modules already initialized, skipping
========================================================================
Worker process is ready to serve import requests
Launching external process: /Applications/Unity/Hub/Editor/2021.3.16f1/Unity.app/Contents/Tools/UnityShaderCompiler
Launched and connected shader compiler UnityShaderCompiler after 0.14 seconds
Refreshing native plugins compatible for Editor in 0.69 ms, found 2 plugins.
Preloading 0 native plugins for Editor in 0.00 ms.
Unloading 3742 Unused Serialized files (Serialized files now loaded: 0)
Unloading 31 unused Assets / (128.9 KB). Loaded Objects now: 4200.
Memory consumption went from 131.2 MB to 131.1 MB.
Total: 5.334606 ms (FindLiveObjects: 0.381078 ms CreateObjectMapping: 0.322428 ms MarkObjects: 4.327505 ms  DeleteObjects: 0.302580 ms)

AssetImportParameters requested are different than current active one (requested -> active):
  custom:video-decoder-ogg-theora: a1e56fd34408186e4bbccfd4996cb3dc -> 
  custom:container-muxer-webm: aa71ff27fc2769a1b78a27578f13a17b -> 
  custom:container-demuxer-webm: 4f35f7cbe854078d1ac9338744f61a02 -> 
  custom:video-encoder-webm-vp8: eb34c28f22e8b96e1ab97ce403110664 -> 
  custom:framework-osx-AVFoundation: e770b220cccbd017edd2c1fefb359320 -> 
  custom:audio-encoder-webm-vorbis: bf7c407c2cedff20999df2af8eb42d56 -> 
  custom:container-demuxer-ogg: 62fdf1f143b41e24485cea50d1cbac27 -> 
  custom:video-decoder-webm-vp8: 9c59270c3fd7afecdb556c50c9e8de78 -> 
  custom:audio-decoder-ogg-vorbis: bf7c407c2cedff20999df2af8eb42d56 -> 
========================================================================
Received Prepare
Refreshing native plugins compatible for Editor in 3.50 ms, found 2 plugins.
Preloading 0 native plugins for Editor in 0.00 ms.
Unloading 23 Unused Serialized files (Serialized files now loaded: 0)
Unloading 23 unused Assets / (116.5 KB). Loaded Objects now: 4200.
Memory consumption went from 53.8 MB to 53.7 MB.
Total: 3.480186 ms (FindLiveObjects: 0.246086 ms CreateObjectMapping: 0.216883 ms MarkObjects: 2.810513 ms  DeleteObjects: 0.206028 ms)

AssetImportParameters requested are different than current active one (requested -> active):
  custom:video-decoder-ogg-theora: a1e56fd34408186e4bbccfd4996cb3dc -> 
  custom:container-muxer-webm: aa71ff27fc2769a1b78a27578f13a17b -> 
  custom:container-demuxer-webm: 4f35f7cbe854078d1ac9338744f61a02 -> 
  custom:video-encoder-webm-vp8: eb34c28f22e8b96e1ab97ce403110664 -> 
  custom:framework-osx-AVFoundation: e770b220cccbd017edd2c1fefb359320 -> 
  custom:audio-encoder-webm-vorbis: bf7c407c2cedff20999df2af8eb42d56 -> 
  custom:container-demuxer-ogg: 62fdf1f143b41e24485cea50d1cbac27 -> 
  custom:video-decoder-webm-vp8: 9c59270c3fd7afecdb556c50c9e8de78 -> 
  custom:audio-decoder-ogg-vorbis: bf7c407c2cedff20999df2af8eb42d56 -> 
========================================================================
Received Import Request.
  Time since last request: 764165.249335 seconds.
  path: Assets/Level3.cs
  artifactKey: Guid(fa86d2ba26ef247bcba09f6ff066aa7f) Importer(815301076,1909f56bfc062723c751e8b465ee728b)
Start importing Assets/Level3.cs using Guid(fa86d2ba26ef247bcba09f6ff066aa7f) Importer(815301076,1909f56bfc062723c751e8b465ee728b)  -> (artifact id: 'f2207a8e09f361f8641d4d618b8b95a3') in 0.294578 seconds 
========================================================================
Received Prepare
Registering precompiled user dll's ...
Registered in 0.006728 seconds.
Begin MonoManager ReloadAssembly
Symbol file LoadedFromMemory doesn't match image /Users/saragraveline/Desktop/CART 315/Bunny-Detective--Tile-Hunt-Adventure/Bunny Detective - Tile Hunt Adventure/Library/PackageCache/com.unity.visualscripting@1.7.8/Editor/VisualScripting.Core/Dependencies/YamlDotNet/Unity.VisualScripting.YamlDotNet.dll
Symbol file LoadedFromMemory doesn't match image /Users/saragraveline/Desktop/CART 315/Bunny-Detective--Tile-Hunt-Adventure/Bunny Detective - Tile Hunt Adventure/Library/PackageCache/com.unity.visualscripting@1.7.8/Editor/VisualScripting.Core/Dependencies/DotNetZip/Unity.VisualScripting.IonicZip.dll
Native extension for OSXStandalone target not found
Refreshing native plugins compatible for Editor in 0.69 ms, found 2 plugins.
Preloading 0 native plugins for Editor in 0.00 ms.
Mono: successfully reloaded assembly
- Completed reload, in  1.204 seconds
Domain Reload Profiling:
	ReloadAssembly (1205ms)
		BeginReloadAssembly (175ms)
			ExecutionOrderSort (0ms)
			DisableScriptedObjects (7ms)
			BackupInstance (0ms)
			ReleaseScriptingObjects (0ms)
			CreateAndSetChildDomain (63ms)
		EndReloadAssembly (891ms)
			LoadAssemblies (105ms)
			RebuildTransferFunctionScriptingTraits (0ms)
			SetupTypeCache (334ms)
			ReleaseScriptCaches (1ms)
			RebuildScriptCaches (46ms)
			SetupLoadedEditorAssemblies (378ms)
				LogAssemblyErrors (0ms)
				InitializePlatformSupportModulesInManaged (9ms)
				SetLoadedEditorAssemblies (1ms)
				RefreshPlugins (1ms)
				BeforeProcessingInitializeOnLoad (61ms)
				ProcessInitializeOnLoadAttributes (278ms)
				ProcessInitializeOnLoadMethodAttributes (26ms)
				AfterProcessingInitializeOnLoad (2ms)
				EditorAssembliesLoaded (0ms)
			ExecutionOrderSort2 (0ms)
			AwakeInstancesAfterBackupRestoration (4ms)
Platform modules already initialized, skipping
Refreshing native plugins compatible for Editor in 1.61 ms, found 2 plugins.
Preloading 0 native plugins for Editor in 0.00 ms.
Unloading 3720 Unused Serialized files (Serialized files now loaded: 0)
Unloading 23 unused Assets / (131.8 KB). Loaded Objects now: 4204.
Memory consumption went from 133.5 MB to 133.4 MB.
Total: 3.361077 ms (FindLiveObjects: 0.291319 ms CreateObjectMapping: 0.219244 ms MarkObjects: 2.715931 ms  DeleteObjects: 0.133737 ms)

AssetImportParameters requested are different than current active one (requested -> active):
  custom:video-decoder-ogg-theora: a1e56fd34408186e4bbccfd4996cb3dc -> 
  custom:container-muxer-webm: aa71ff27fc2769a1b78a27578f13a17b -> 
  custom:container-demuxer-webm: 4f35f7cbe854078d1ac9338744f61a02 -> 
  custom:video-encoder-webm-vp8: eb34c28f22e8b96e1ab97ce403110664 -> 
  custom:framework-osx-AVFoundation: e770b220cccbd017edd2c1fefb359320 -> 
  custom:audio-encoder-webm-vorbis: bf7c407c2cedff20999df2af8eb42d56 -> 
  custom:container-demuxer-ogg: 62fdf1f143b41e24485cea50d1cbac27 -> 
  custom:video-decoder-webm-vp8: 9c59270c3fd7afecdb556c50c9e8de78 -> 
  custom:audio-decoder-ogg-vorbis: bf7c407c2cedff20999df2af8eb42d56 -> 
========================================================================
Received Import Request.
  Time since last request: 30.575020 seconds.
  path: Assets/Level3.cs
  artifactKey: Guid(fa86d2ba26ef247bcba09f6ff066aa7f) Importer(815301076,1909f56bfc062723c751e8b465ee728b)
Start importing Assets/Level3.cs using Guid(fa86d2ba26ef247bcba09f6ff066aa7f) Importer(815301076,1909f56bfc062723c751e8b465ee728b)  -> (artifact id: '280d6dfafeed942308c5aa04e2d8aef1') in 0.008811 seconds 
========================================================================
Received Prepare
Registering precompiled user dll's ...
Registered in 0.004957 seconds.
Begin MonoManager ReloadAssembly
Symbol file LoadedFromMemory doesn't match image /Users/saragraveline/Desktop/CART 315/Bunny-Detective--Tile-Hunt-Adventure/Bunny Detective - Tile Hunt Adventure/Library/PackageCache/com.unity.visualscripting@1.7.8/Editor/VisualScripting.Core/Dependencies/YamlDotNet/Unity.VisualScripting.YamlDotNet.dll
Symbol file LoadedFromMemory doesn't match image /Users/saragraveline/Desktop/CART 315/Bunny-Detective--Tile-Hunt-Adventure/Bunny Detective - Tile Hunt Adventure/Library/PackageCache/com.unity.visualscripting@1.7.8/Editor/VisualScripting.Core/Dependencies/DotNetZip/Unity.VisualScripting.IonicZip.dll
Native extension for OSXStandalone target not found
Refreshing native plugins compatible for Editor in 0.68 ms, found 2 plugins.
Preloading 0 native plugins for Editor in 0.00 ms.
Mono: successfully reloaded assembly
- Completed reload, in  1.174 seconds
Domain Reload Profiling:
	ReloadAssembly (1175ms)
		BeginReloadAssembly (155ms)
			ExecutionOrderSort (0ms)
			DisableScriptedObjects (7ms)
			BackupInstance (0ms)
			ReleaseScriptingObjects (0ms)
			CreateAndSetChildDomain (59ms)
		EndReloadAssembly (897ms)
			LoadAssemblies (87ms)
			RebuildTransferFunctionScriptingTraits (0ms)
			SetupTypeCache (307ms)
			ReleaseScriptCaches (1ms)
			RebuildScriptCaches (51ms)
			SetupLoadedEditorAssemblies (412ms)
				LogAssemblyErrors (0ms)
				InitializePlatformSupportModulesInManaged (9ms)
				SetLoadedEditorAssemblies (1ms)
				RefreshPlugins (1ms)
				BeforeProcessingInitializeOnLoad (67ms)
				ProcessInitializeOnLoadAttributes (308ms)
				ProcessInitializeOnLoadMethodAttributes (24ms)
				AfterProcessingInitializeOnLoad (2ms)
				EditorAssembliesLoaded (0ms)
			ExecutionOrderSort2 (0ms)
			AwakeInstancesAfterBackupRestoration (4ms)
Platform modules already initialized, skipping
Refreshing native plugins compatible for Editor in 1.51 ms, found 2 plugins.
Preloading 0 native plugins for Editor in 0.00 ms.
Unloading 3720 Unused Serialized files (Serialized files now loaded: 0)
Unloading 23 unused Assets / (108.7 KB). Loaded Objects now: 4207.
Memory consumption went from 133.5 MB to 133.4 MB.
Total: 3.469169 ms (FindLiveObjects: 0.265447 ms CreateObjectMapping: 0.231402 ms MarkObjects: 2.845942 ms  DeleteObjects: 0.125718 ms)

AssetImportParameters requested are different than current active one (requested -> active):
  custom:video-decoder-ogg-theora: a1e56fd34408186e4bbccfd4996cb3dc -> 
  custom:container-muxer-webm: aa71ff27fc2769a1b78a27578f13a17b -> 
  custom:container-demuxer-webm: 4f35f7cbe854078d1ac9338744f61a02 -> 
  custom:video-encoder-webm-vp8: eb34c28f22e8b96e1ab97ce403110664 -> 
  custom:framework-osx-AVFoundation: e770b220cccbd017edd2c1fefb359320 -> 
  custom:audio-encoder-webm-vorbis: bf7c407c2cedff20999df2af8eb42d56 -> 
  custom:container-demuxer-ogg: 62fdf1f143b41e24485cea50d1cbac27 -> 
  custom:video-decoder-webm-vp8: 9c59270c3fd7afecdb556c50c9e8de78 -> 
  custom:audio-decoder-ogg-vorbis: bf7c407c2cedff20999df2af8eb42d56 -> 
========================================================================
Received Import Request.
  Time since last request: 84.055759 seconds.
  path: Assets/Level3.cs
  artifactKey: Guid(fa86d2ba26ef247bcba09f6ff066aa7f) Importer(815301076,1909f56bfc062723c751e8b465ee728b)
Start importing Assets/Level3.cs using Guid(fa86d2ba26ef247bcba09f6ff066aa7f) Importer(815301076,1909f56bfc062723c751e8b465ee728b)  -> (artifact id: 'c5f541670ddedc8ed31af8be1adaf97b') in 0.008173 seconds 
========================================================================
Received Prepare
Registering precompiled user dll's ...
Registered in 0.005802 seconds.
Begin MonoManager ReloadAssembly
Symbol file LoadedFromMemory doesn't match image /Users/saragraveline/Desktop/CART 315/Bunny-Detective--Tile-Hunt-Adventure/Bunny Detective - Tile Hunt Adventure/Library/PackageCache/com.unity.visualscripting@1.7.8/Editor/VisualScripting.Core/Dependencies/YamlDotNet/Unity.VisualScripting.YamlDotNet.dll
Symbol file LoadedFromMemory doesn't match image /Users/saragraveline/Desktop/CART 315/Bunny-Detective--Tile-Hunt-Adventure/Bunny Detective - Tile Hunt Adventure/Library/PackageCache/com.unity.visualscripting@1.7.8/Editor/VisualScripting.Core/Dependencies/DotNetZip/Unity.VisualScripting.IonicZip.dll
Native extension for OSXStandalone target not found
Refreshing native plugins compatible for Editor in 0.67 ms, found 2 plugins.
Preloading 0 native plugins for Editor in 0.00 ms.
Mono: successfully reloaded assembly
- Completed reload, in  1.152 seconds
Domain Reload Profiling:
	ReloadAssembly (1153ms)
		BeginReloadAssembly (145ms)
			ExecutionOrderSort (0ms)
			DisableScriptedObjects (6ms)
			BackupInstance (0ms)
			ReleaseScriptingObjects (0ms)
			CreateAndSetChildDomain (52ms)
		EndReloadAssembly (906ms)
			LoadAssemblies (85ms)
			RebuildTransferFunctionScriptingTraits (0ms)
			SetupTypeCache (295ms)
			ReleaseScriptCaches (1ms)
			RebuildScriptCaches (49ms)
			SetupLoadedEditorAssemblies (425ms)
				LogAssemblyErrors (0ms)
				InitializePlatformSupportModulesInManaged (12ms)
				SetLoadedEditorAssemblies (1ms)
				RefreshPlugins (1ms)
				BeforeProcessingInitializeOnLoad (69ms)
				ProcessInitializeOnLoadAttributes (315ms)
				ProcessInitializeOnLoadMethodAttributes (26ms)
				AfterProcessingInitializeOnLoad (2ms)
				EditorAssembliesLoaded (0ms)
			ExecutionOrderSort2 (0ms)
			AwakeInstancesAfterBackupRestoration (4ms)
Platform modules already initialized, skipping
Refreshing native plugins compatible for Editor in 1.61 ms, found 2 plugins.
Preloading 0 native plugins for Editor in 0.00 ms.
Unloading 3720 Unused Serialized files (Serialized files now loaded: 0)
Unloading 23 unused Assets / (116.3 KB). Loaded Objects now: 4210.
Memory consumption went from 133.5 MB to 133.4 MB.
Total: 3.503111 ms (FindLiveObjects: 0.279897 ms CreateObjectMapping: 0.203181 ms MarkObjects: 2.893995 ms  DeleteObjects: 0.125275 ms)

AssetImportParameters requested are different than current active one (requested -> active):
  custom:video-decoder-ogg-theora: a1e56fd34408186e4bbccfd4996cb3dc -> 
  custom:container-muxer-webm: aa71ff27fc2769a1b78a27578f13a17b -> 
  custom:container-demuxer-webm: 4f35f7cbe854078d1ac9338744f61a02 -> 
  custom:video-encoder-webm-vp8: eb34c28f22e8b96e1ab97ce403110664 -> 
  custom:framework-osx-AVFoundation: e770b220cccbd017edd2c1fefb359320 -> 
  custom:audio-encoder-webm-vorbis: bf7c407c2cedff20999df2af8eb42d56 -> 
  custom:container-demuxer-ogg: 62fdf1f143b41e24485cea50d1cbac27 -> 
  custom:video-decoder-webm-vp8: 9c59270c3fd7afecdb556c50c9e8de78 -> 
  custom:audio-decoder-ogg-vorbis: bf7c407c2cedff20999df2af8eb42d56 -> 
========================================================================
Received Prepare
Registering precompiled user dll's ...
Registered in 0.004745 seconds.
Begin MonoManager ReloadAssembly
Symbol file LoadedFromMemory doesn't match image /Users/saragraveline/Desktop/CART 315/Bunny-Detective--Tile-Hunt-Adventure/Bunny Detective - Tile Hunt Adventure/Library/PackageCache/com.unity.visualscripting@1.7.8/Editor/VisualScripting.Core/Dependencies/YamlDotNet/Unity.VisualScripting.YamlDotNet.dll
Symbol file LoadedFromMemory doesn't match image /Users/saragraveline/Desktop/CART 315/Bunny-Detective--Tile-Hunt-Adventure/Bunny Detective - Tile Hunt Adventure/Library/PackageCache/com.unity.visualscripting@1.7.8/Editor/VisualScripting.Core/Dependencies/DotNetZip/Unity.VisualScripting.IonicZip.dll
Native extension for OSXStandalone target not found
Refreshing native plugins compatible for Editor in 0.65 ms, found 2 plugins.
Preloading 0 native plugins for Editor in 0.00 ms.
Mono: successfully reloaded assembly
- Completed reload, in  1.251 seconds
Domain Reload Profiling:
	ReloadAssembly (1252ms)
		BeginReloadAssembly (139ms)
			ExecutionOrderSort (0ms)
			DisableScriptedObjects (6ms)
			BackupInstance (0ms)
			ReleaseScriptingObjects (0ms)
			CreateAndSetChildDomain (49ms)
		EndReloadAssembly (997ms)
			LoadAssemblies (81ms)
			RebuildTransferFunctionScriptingTraits (0ms)
			SetupTypeCache (324ms)
			ReleaseScriptCaches (1ms)
			RebuildScriptCaches (54ms)
			SetupLoadedEditorAssemblies (480ms)
				LogAssemblyErrors (0ms)
				InitializePlatformSupportModulesInManaged (11ms)
				SetLoadedEditorAssemblies (1ms)
				RefreshPlugins (1ms)
				BeforeProcessingInitializeOnLoad (76ms)
				ProcessInitializeOnLoadAttributes (355ms)
				ProcessInitializeOnLoadMethodAttributes (33ms)
				AfterProcessingInitializeOnLoad (3ms)
				EditorAssembliesLoaded (0ms)
			ExecutionOrderSort2 (0ms)
			AwakeInstancesAfterBackupRestoration (5ms)
Platform modules already initialized, skipping
Refreshing native plugins compatible for Editor in 1.53 ms, found 2 plugins.
Preloading 0 native plugins for Editor in 0.00 ms.
Unloading 3720 Unused Serialized files (Serialized files now loaded: 0)
Unloading 23 unused Assets / (108.7 KB). Loaded Objects now: 4213.
Memory consumption went from 133.5 MB to 133.4 MB.
Total: 3.387549 ms (FindLiveObjects: 0.281644 ms CreateObjectMapping: 0.214458 ms MarkObjects: 2.769402 ms  DeleteObjects: 0.120853 ms)

AssetImportParameters requested are different than current active one (requested -> active):
  custom:video-decoder-ogg-theora: a1e56fd34408186e4bbccfd4996cb3dc -> 
  custom:container-muxer-webm: aa71ff27fc2769a1b78a27578f13a17b -> 
  custom:container-demuxer-webm: 4f35f7cbe854078d1ac9338744f61a02 -> 
  custom:video-encoder-webm-vp8: eb34c28f22e8b96e1ab97ce403110664 -> 
  custom:framework-osx-AVFoundation: e770b220cccbd017edd2c1fefb359320 -> 
  custom:audio-encoder-webm-vorbis: bf7c407c2cedff20999df2af8eb42d56 -> 
  custom:container-demuxer-ogg: 62fdf1f143b41e24485cea50d1cbac27 -> 
  custom:video-decoder-webm-vp8: 9c59270c3fd7afecdb556c50c9e8de78 -> 
  custom:audio-decoder-ogg-vorbis: bf7c407c2cedff20999df2af8eb42d56 -> 
========================================================================
Received Prepare
Registering precompiled user dll's ...
Registered in 0.004976 seconds.
Begin MonoManager ReloadAssembly
Symbol file LoadedFromMemory doesn't match image /Users/saragraveline/Desktop/CART 315/Bunny-Detective--Tile-Hunt-Adventure/Bunny Detective - Tile Hunt Adventure/Library/PackageCache/com.unity.visualscripting@1.7.8/Editor/VisualScripting.Core/Dependencies/YamlDotNet/Unity.VisualScripting.YamlDotNet.dll
Symbol file LoadedFromMemory doesn't match image /Users/saragraveline/Desktop/CART 315/Bunny-Detective--Tile-Hunt-Adventure/Bunny Detective - Tile Hunt Adventure/Library/PackageCache/com.unity.visualscripting@1.7.8/Editor/VisualScripting.Core/Dependencies/DotNetZip/Unity.VisualScripting.IonicZip.dll
Native extension for OSXStandalone target not found
Refreshing native plugins compatible for Editor in 0.64 ms, found 2 plugins.
Preloading 0 native plugins for Editor in 0.00 ms.
Mono: successfully reloaded assembly
- Completed reload, in  1.375 seconds
Domain Reload Profiling:
	ReloadAssembly (1376ms)
		BeginReloadAssembly (167ms)
			ExecutionOrderSort (0ms)
			DisableScriptedObjects (10ms)
			BackupInstance (0ms)
			ReleaseScriptingObjects (0ms)
			CreateAndSetChildDomain (62ms)
		EndReloadAssembly (1090ms)
			LoadAssemblies (92ms)
			RebuildTransferFunctionScriptingTraits (0ms)
			SetupTypeCache (388ms)
			ReleaseScriptCaches (1ms)
			RebuildScriptCaches (62ms)
			SetupLoadedEditorAssemblies (488ms)
				LogAssemblyErrors (0ms)
				InitializePlatformSupportModulesInManaged (11ms)
				SetLoadedEditorAssemblies (1ms)
				RefreshPlugins (1ms)
				BeforeProcessingInitializeOnLoad (77ms)
				ProcessInitializeOnLoadAttributes (364ms)
				ProcessInitializeOnLoadMethodAttributes (31ms)
				AfterProcessingInitializeOnLoad (2ms)
				EditorAssembliesLoaded (0ms)
			ExecutionOrderSort2 (0ms)
			AwakeInstancesAfterBackupRestoration (5ms)
Platform modules already initialized, skipping
Refreshing native plugins compatible for Editor in 2.08 ms, found 2 plugins.
Preloading 0 native plugins for Editor in 0.00 ms.
Unloading 3720 Unused Serialized files (Serialized files now loaded: 0)
Unloading 23 unused Assets / (116.5 KB). Loaded Objects now: 4216.
Memory consumption went from 133.6 MB to 133.4 MB.
Total: 3.919541 ms (FindLiveObjects: 0.323458 ms CreateObjectMapping: 0.357032 ms MarkObjects: 3.092061 ms  DeleteObjects: 0.145874 ms)

AssetImportParameters requested are different than current active one (requested -> active):
  custom:video-decoder-ogg-theora: a1e56fd34408186e4bbccfd4996cb3dc -> 
  custom:container-muxer-webm: aa71ff27fc2769a1b78a27578f13a17b -> 
  custom:container-demuxer-webm: 4f35f7cbe854078d1ac9338744f61a02 -> 
  custom:video-encoder-webm-vp8: eb34c28f22e8b96e1ab97ce403110664 -> 
  custom:framework-osx-AVFoundation: e770b220cccbd017edd2c1fefb359320 -> 
  custom:audio-encoder-webm-vorbis: bf7c407c2cedff20999df2af8eb42d56 -> 
  custom:container-demuxer-ogg: 62fdf1f143b41e24485cea50d1cbac27 -> 
  custom:video-decoder-webm-vp8: 9c59270c3fd7afecdb556c50c9e8de78 -> 
  custom:audio-decoder-ogg-vorbis: bf7c407c2cedff20999df2af8eb42d56 -> 
========================================================================
Received Prepare
Registering precompiled user dll's ...
Registered in 0.005777 seconds.
Begin MonoManager ReloadAssembly
Symbol file LoadedFromMemory doesn't match image /Users/saragraveline/Desktop/CART 315/Bunny-Detective--Tile-Hunt-Adventure/Bunny Detective - Tile Hunt Adventure/Library/PackageCache/com.unity.visualscripting@1.7.8/Editor/VisualScripting.Core/Dependencies/YamlDotNet/Unity.VisualScripting.YamlDotNet.dll
Symbol file LoadedFromMemory doesn't match image /Users/saragraveline/Desktop/CART 315/Bunny-Detective--Tile-Hunt-Adventure/Bunny Detective - Tile Hunt Adventure/Library/PackageCache/com.unity.visualscripting@1.7.8/Editor/VisualScripting.Core/Dependencies/DotNetZip/Unity.VisualScripting.IonicZip.dll
Native extension for OSXStandalone target not found
Refreshing native plugins compatible for Editor in 0.55 ms, found 2 plugins.
Preloading 0 native plugins for Editor in 0.00 ms.
Mono: successfully reloaded assembly
- Completed reload, in  1.100 seconds
Domain Reload Profiling:
	ReloadAssembly (1101ms)
		BeginReloadAssembly (142ms)
			ExecutionOrderSort (0ms)
			DisableScriptedObjects (7ms)
			BackupInstance (0ms)
			ReleaseScriptingObjects (0ms)
			CreateAndSetChildDomain (51ms)
		EndReloadAssembly (860ms)
			LoadAssemblies (78ms)
			RebuildTransferFunctionScriptingTraits (0ms)
			SetupTypeCache (286ms)
			ReleaseScriptCaches (1ms)
			RebuildScriptCaches (43ms)
			SetupLoadedEditorAssemblies (407ms)
				LogAssemblyErrors (0ms)
				InitializePlatformSupportModulesInManaged (9ms)
				SetLoadedEditorAssemblies (0ms)
				RefreshPlugins (1ms)
				BeforeProcessingInitializeOnLoad (63ms)
				ProcessInitializeOnLoadAttributes (308ms)
				ProcessInitializeOnLoadMethodAttributes (25ms)
				AfterProcessingInitializeOnLoad (2ms)
				EditorAssembliesLoaded (0ms)
			ExecutionOrderSort2 (0ms)
			AwakeInstancesAfterBackupRestoration (4ms)
Platform modules already initialized, skipping
Refreshing native plugins compatible for Editor in 1.51 ms, found 2 plugins.
Preloading 0 native plugins for Editor in 0.00 ms.
Unloading 3720 Unused Serialized files (Serialized files now loaded: 0)
Unloading 23 unused Assets / (116.4 KB). Loaded Objects now: 4219.
Memory consumption went from 133.6 MB to 133.5 MB.
Total: 3.746191 ms (FindLiveObjects: 0.422635 ms CreateObjectMapping: 0.254500 ms MarkObjects: 2.947051 ms  DeleteObjects: 0.121279 ms)

AssetImportParameters requested are different than current active one (requested -> active):
  custom:video-decoder-ogg-theora: a1e56fd34408186e4bbccfd4996cb3dc -> 
  custom:container-muxer-webm: aa71ff27fc2769a1b78a27578f13a17b -> 
  custom:container-demuxer-webm: 4f35f7cbe854078d1ac9338744f61a02 -> 
  custom:video-encoder-webm-vp8: eb34c28f22e8b96e1ab97ce403110664 -> 
  custom:framework-osx-AVFoundation: e770b220cccbd017edd2c1fefb359320 -> 
  custom:audio-encoder-webm-vorbis: bf7c407c2cedff20999df2af8eb42d56 -> 
  custom:container-demuxer-ogg: 62fdf1f143b41e24485cea50d1cbac27 -> 
  custom:video-decoder-webm-vp8: 9c59270c3fd7afecdb556c50c9e8de78 -> 
  custom:audio-decoder-ogg-vorbis: bf7c407c2cedff20999df2af8eb42d56 -> 
========================================================================
Received Import Request.
  Time since last request: 279.530404 seconds.
  path: Assets/Scenes/SampleScene 1.unity
  artifactKey: Guid(02f136d2cc0d64c53916c71c59f1de30) Importer(815301076,1909f56bfc062723c751e8b465ee728b)
Start importing Assets/Scenes/SampleScene 1.unity using Guid(02f136d2cc0d64c53916c71c59f1de30) Importer(815301076,1909f56bfc062723c751e8b465ee728b)  -> (artifact id: '1c0dff976b27001eb8bff1913ca7e3b2') in 0.006790 seconds 
========================================================================
Received Import Request.
  Time since last request: 8.455498 seconds.
  path: Assets/Scenes/Level4.unity
  artifactKey: Guid(02f136d2cc0d64c53916c71c59f1de30) Importer(815301076,1909f56bfc062723c751e8b465ee728b)
Start importing Assets/Scenes/Level4.unity using Guid(02f136d2cc0d64c53916c71c59f1de30) Importer(815301076,1909f56bfc062723c751e8b465ee728b)  -> (artifact id: 'ad79bb850115f9a16acd5864c1287c1b') in 0.001377 seconds 
========================================================================
Received Import Request.
  Time since last request: 22.419557 seconds.
  path: Assets/Level3.cs
  artifactKey: Guid(fa86d2ba26ef247bcba09f6ff066aa7f) Importer(815301076,1909f56bfc062723c751e8b465ee728b)
Start importing Assets/Level3.cs using Guid(fa86d2ba26ef247bcba09f6ff066aa7f) Importer(815301076,1909f56bfc062723c751e8b465ee728b)  -> (artifact id: '5f026b6da6c1afff9d97e2215ceb51ea') in 0.001684 seconds 
========================================================================
Received Import Request.
  Time since last request: 5.344093 seconds.
  path: Assets/Level4.cs
  artifactKey: Guid(c9537de3c3d634c12aff76012ac17f43) Importer(815301076,1909f56bfc062723c751e8b465ee728b)
Start importing Assets/Level4.cs using Guid(c9537de3c3d634c12aff76012ac17f43) Importer(815301076,1909f56bfc062723c751e8b465ee728b)  -> (artifact id: '7bc4031ff04b1d254a09c63e5ecc26fa') in 0.002310 seconds 
========================================================================
Received Import Request.
  Time since last request: 8.639792 seconds.
  path: Assets/Level4.cs
  artifactKey: Guid(c9537de3c3d634c12aff76012ac17f43) Importer(815301076,1909f56bfc062723c751e8b465ee728b)
Start importing Assets/Level4.cs using Guid(c9537de3c3d634c12aff76012ac17f43) Importer(815301076,1909f56bfc062723c751e8b465ee728b)  -> (artifact id: '6a9d28199805bca36bbc7ff26c73cfcb') in 0.001654 seconds 
========================================================================
Received Prepare
Registering precompiled user dll's ...
Registered in 0.006394 seconds.
Begin MonoManager ReloadAssembly
Symbol file LoadedFromMemory doesn't match image /Users/saragraveline/Desktop/CART 315/Bunny-Detective--Tile-Hunt-Adventure/Bunny Detective - Tile Hunt Adventure/Library/PackageCache/com.unity.visualscripting@1.7.8/Editor/VisualScripting.Core/Dependencies/YamlDotNet/Unity.VisualScripting.YamlDotNet.dll
Symbol file LoadedFromMemory doesn't match image /Users/saragraveline/Desktop/CART 315/Bunny-Detective--Tile-Hunt-Adventure/Bunny Detective - Tile Hunt Adventure/Library/PackageCache/com.unity.visualscripting@1.7.8/Editor/VisualScripting.Core/Dependencies/DotNetZip/Unity.VisualScripting.IonicZip.dll
Native extension for OSXStandalone target not found
Refreshing native plugins compatible for Editor in 1.15 ms, found 2 plugins.
Preloading 0 native plugins for Editor in 0.00 ms.
Mono: successfully reloaded assembly
- Completed reload, in  1.160 seconds
Domain Reload Profiling:
	ReloadAssembly (1161ms)
		BeginReloadAssembly (149ms)
			ExecutionOrderSort (0ms)
			DisableScriptedObjects (6ms)
			BackupInstance (0ms)
			ReleaseScriptingObjects (0ms)
			CreateAndSetChildDomain (51ms)
		EndReloadAssembly (896ms)
			LoadAssemblies (81ms)
			RebuildTransferFunctionScriptingTraits (0ms)
			SetupTypeCache (313ms)
			ReleaseScriptCaches (1ms)
			RebuildScriptCaches (52ms)
			SetupLoadedEditorAssemblies (402ms)
				LogAssemblyErrors (0ms)
				InitializePlatformSupportModulesInManaged (10ms)
				SetLoadedEditorAssemblies (1ms)
				RefreshPlugins (1ms)
				BeforeProcessingInitializeOnLoad (66ms)
				ProcessInitializeOnLoadAttributes (295ms)
				ProcessInitializeOnLoadMethodAttributes (26ms)
				AfterProcessingInitializeOnLoad (2ms)
				EditorAssembliesLoaded (0ms)
			ExecutionOrderSort2 (0ms)
			AwakeInstancesAfterBackupRestoration (4ms)
Platform modules already initialized, skipping
Refreshing native plugins compatible for Editor in 1.52 ms, found 2 plugins.
Preloading 0 native plugins for Editor in 0.00 ms.
Unloading 3721 Unused Serialized files (Serialized files now loaded: 0)
Unloading 23 unused Assets / (108.7 KB). Loaded Objects now: 4223.
Memory consumption went from 133.6 MB to 133.5 MB.
Total: 3.459747 ms (FindLiveObjects: 0.286859 ms CreateObjectMapping: 0.219688 ms MarkObjects: 2.734480 ms  DeleteObjects: 0.204457 ms)

AssetImportParameters requested are different than current active one (requested -> active):
  custom:video-decoder-ogg-theora: a1e56fd34408186e4bbccfd4996cb3dc -> 
  custom:container-muxer-webm: aa71ff27fc2769a1b78a27578f13a17b -> 
  custom:container-demuxer-webm: 4f35f7cbe854078d1ac9338744f61a02 -> 
  custom:video-encoder-webm-vp8: eb34c28f22e8b96e1ab97ce403110664 -> 
  custom:framework-osx-AVFoundation: e770b220cccbd017edd2c1fefb359320 -> 
  custom:audio-encoder-webm-vorbis: bf7c407c2cedff20999df2af8eb42d56 -> 
  custom:container-demuxer-ogg: 62fdf1f143b41e24485cea50d1cbac27 -> 
  custom:video-decoder-webm-vp8: 9c59270c3fd7afecdb556c50c9e8de78 -> 
  custom:audio-decoder-ogg-vorbis: bf7c407c2cedff20999df2af8eb42d56 -> 
========================================================================
Received Prepare
Registering precompiled user dll's ...
Registered in 0.006065 seconds.
Begin MonoManager ReloadAssembly
Symbol file LoadedFromMemory doesn't match image /Users/saragraveline/Desktop/CART 315/Bunny-Detective--Tile-Hunt-Adventure/Bunny Detective - Tile Hunt Adventure/Library/PackageCache/com.unity.visualscripting@1.7.8/Editor/VisualScripting.Core/Dependencies/YamlDotNet/Unity.VisualScripting.YamlDotNet.dll
Symbol file LoadedFromMemory doesn't match image /Users/saragraveline/Desktop/CART 315/Bunny-Detective--Tile-Hunt-Adventure/Bunny Detective - Tile Hunt Adventure/Library/PackageCache/com.unity.visualscripting@1.7.8/Editor/VisualScripting.Core/Dependencies/DotNetZip/Unity.VisualScripting.IonicZip.dll
Native extension for OSXStandalone target not found
Refreshing native plugins compatible for Editor in 0.83 ms, found 2 plugins.
Preloading 0 native plugins for Editor in 0.00 ms.
Mono: successfully reloaded assembly
- Completed reload, in  1.270 seconds
Domain Reload Profiling:
	ReloadAssembly (1271ms)
		BeginReloadAssembly (146ms)
			ExecutionOrderSort (0ms)
			DisableScriptedObjects (6ms)
			BackupInstance (0ms)
			ReleaseScriptingObjects (0ms)
			CreateAndSetChildDomain (56ms)
		EndReloadAssembly (1017ms)
			LoadAssemblies (84ms)
			RebuildTransferFunctionScriptingTraits (0ms)
			SetupTypeCache (320ms)
			ReleaseScriptCaches (1ms)
			RebuildScriptCaches (56ms)
			SetupLoadedEditorAssemblies (490ms)
				LogAssemblyErrors (0ms)
				InitializePlatformSupportModulesInManaged (14ms)
				SetLoadedEditorAssemblies (1ms)
				RefreshPlugins (1ms)
				BeforeProcessingInitializeOnLoad (79ms)
				ProcessInitializeOnLoadAttributes (363ms)
				ProcessInitializeOnLoadMethodAttributes (31ms)
				AfterProcessingInitializeOnLoad (2ms)
				EditorAssembliesLoaded (0ms)
			ExecutionOrderSort2 (0ms)
			AwakeInstancesAfterBackupRestoration (5ms)
Platform modules already initialized, skipping
Refreshing native plugins compatible for Editor in 1.83 ms, found 2 plugins.
Preloading 0 native plugins for Editor in 0.00 ms.
Unloading 3721 Unused Serialized files (Serialized files now loaded: 0)
Unloading 23 unused Assets / (116.3 KB). Loaded Objects now: 4226.
Memory consumption went from 133.6 MB to 133.5 MB.
Total: 3.663893 ms (FindLiveObjects: 0.304413 ms CreateObjectMapping: 0.246809 ms MarkObjects: 2.967334 ms  DeleteObjects: 0.144573 ms)

AssetImportParameters requested are different than current active one (requested -> active):
  custom:video-decoder-ogg-theora: a1e56fd34408186e4bbccfd4996cb3dc -> 
  custom:container-muxer-webm: aa71ff27fc2769a1b78a27578f13a17b -> 
  custom:container-demuxer-webm: 4f35f7cbe854078d1ac9338744f61a02 -> 
  custom:video-encoder-webm-vp8: eb34c28f22e8b96e1ab97ce403110664 -> 
  custom:framework-osx-AVFoundation: e770b220cccbd017edd2c1fefb359320 -> 
  custom:audio-encoder-webm-vorbis: bf7c407c2cedff20999df2af8eb42d56 -> 
  custom:container-demuxer-ogg: 62fdf1f143b41e24485cea50d1cbac27 -> 
  custom:video-decoder-webm-vp8: 9c59270c3fd7afecdb556c50c9e8de78 -> 
  custom:audio-decoder-ogg-vorbis: bf7c407c2cedff20999df2af8eb42d56 -> 
========================================================================
Received Import Request.
  Time since last request: 500.297554 seconds.
  path: Assets/Resources/simon-lee-hrOXaenH640-unsplash.jpg
  artifactKey: Guid(46ad647fb17774fefa2e7f70c46adb87) Importer(815301076,1909f56bfc062723c751e8b465ee728b)
Start importing Assets/Resources/simon-lee-hrOXaenH640-unsplash.jpg using Guid(46ad647fb17774fefa2e7f70c46adb87) Importer(815301076,1909f56bfc062723c751e8b465ee728b)  -> (artifact id: '241d2274db5bfbefff72f8ef5b25b7ff') in 0.793753 seconds 
========================================================================
Received Import Request.
  Time since last request: 12.835894 seconds.
  path: Assets/Resources/L4_tiles.mat
  artifactKey: Guid(3f95b3767987642708408d309e90adc1) Importer(815301076,1909f56bfc062723c751e8b465ee728b)
Start importing Assets/Resources/L4_tiles.mat using Guid(3f95b3767987642708408d309e90adc1) Importer(815301076,1909f56bfc062723c751e8b465ee728b)  -> (artifact id: '42acec7c393a17d7cc98110425ed4e67') in 0.888643 seconds 
========================================================================
Received Prepare
Registering precompiled user dll's ...
Registered in 0.006001 seconds.
Begin MonoManager ReloadAssembly
Symbol file LoadedFromMemory doesn't match image /Users/saragraveline/Desktop/CART 315/Bunny-Detective--Tile-Hunt-Adventure/Bunny Detective - Tile Hunt Adventure/Library/PackageCache/com.unity.visualscripting@1.7.8/Editor/VisualScripting.Core/Dependencies/YamlDotNet/Unity.VisualScripting.YamlDotNet.dll
Symbol file LoadedFromMemory doesn't match image /Users/saragraveline/Desktop/CART 315/Bunny-Detective--Tile-Hunt-Adventure/Bunny Detective - Tile Hunt Adventure/Library/PackageCache/com.unity.visualscripting@1.7.8/Editor/VisualScripting.Core/Dependencies/DotNetZip/Unity.VisualScripting.IonicZip.dll
Native extension for OSXStandalone target not found
Refreshing native plugins compatible for Editor in 0.76 ms, found 2 plugins.
Preloading 0 native plugins for Editor in 0.00 ms.
Mono: successfully reloaded assembly
- Completed reload, in  1.296 seconds
Domain Reload Profiling:
	ReloadAssembly (1297ms)
		BeginReloadAssembly (156ms)
			ExecutionOrderSort (0ms)
			DisableScriptedObjects (7ms)
			BackupInstance (0ms)
			ReleaseScriptingObjects (0ms)
			CreateAndSetChildDomain (59ms)
		EndReloadAssembly (1029ms)
			LoadAssemblies (86ms)
			RebuildTransferFunctionScriptingTraits (0ms)
			SetupTypeCache (355ms)
			ReleaseScriptCaches (2ms)
			RebuildScriptCaches (56ms)
			SetupLoadedEditorAssemblies (465ms)
				LogAssemblyErrors (0ms)
				InitializePlatformSupportModulesInManaged (12ms)
				SetLoadedEditorAssemblies (1ms)
				RefreshPlugins (1ms)
				BeforeProcessingInitializeOnLoad (73ms)
				ProcessInitializeOnLoadAttributes (344ms)
				ProcessInitializeOnLoadMethodAttributes (31ms)
				AfterProcessingInitializeOnLoad (3ms)
				EditorAssembliesLoaded (0ms)
			ExecutionOrderSort2 (0ms)
			AwakeInstancesAfterBackupRestoration (5ms)
Platform modules already initialized, skipping
Refreshing native plugins compatible for Editor in 1.77 ms, found 2 plugins.
Preloading 0 native plugins for Editor in 0.00 ms.
Unloading 3721 Unused Serialized files (Serialized files now loaded: 0)
Unloading 23 unused Assets / (108.6 KB). Loaded Objects now: 4272.
Memory consumption went from 144.3 MB to 144.1 MB.
Total: 4.137148 ms (FindLiveObjects: 0.276560 ms CreateObjectMapping: 0.294172 ms MarkObjects: 3.342954 ms  DeleteObjects: 0.222458 ms)

AssetImportParameters requested are different than current active one (requested -> active):
  custom:video-decoder-ogg-theora: a1e56fd34408186e4bbccfd4996cb3dc -> 
  custom:container-muxer-webm: aa71ff27fc2769a1b78a27578f13a17b -> 
  custom:container-demuxer-webm: 4f35f7cbe854078d1ac9338744f61a02 -> 
  custom:video-encoder-webm-vp8: eb34c28f22e8b96e1ab97ce403110664 -> 
  custom:framework-osx-AVFoundation: e770b220cccbd017edd2c1fefb359320 -> 
  custom:audio-encoder-webm-vorbis: bf7c407c2cedff20999df2af8eb42d56 -> 
  custom:container-demuxer-ogg: 62fdf1f143b41e24485cea50d1cbac27 -> 
  custom:video-decoder-webm-vp8: 9c59270c3fd7afecdb556c50c9e8de78 -> 
  custom:audio-decoder-ogg-vorbis: bf7c407c2cedff20999df2af8eb42d56 -> 
========================================================================
Received Import Request.
  Time since last request: 471.239904 seconds.
  path: Assets/Resources/l4-1.mat
  artifactKey: Guid(947516ebca38a4491946b9a59484132f) Importer(815301076,1909f56bfc062723c751e8b465ee728b)
Start importing Assets/Resources/l4-1.mat using Guid(947516ebca38a4491946b9a59484132f) Importer(815301076,1909f56bfc062723c751e8b465ee728b)  -> (artifact id: 'f70c10bd434ac075e86677cfdf87f5aa') in 0.086527 seconds 
========================================================================
Received Import Request.
  Time since last request: 9.113646 seconds.
  path: Assets/Resources/simon-lee-hbFKxsIqclc-unsplash.jpg
  artifactKey: Guid(678358d9cbc78421a8d1ec72e7c24f53) Importer(815301076,1909f56bfc062723c751e8b465ee728b)
Start importing Assets/Resources/simon-lee-hbFKxsIqclc-unsplash.jpg using Guid(678358d9cbc78421a8d1ec72e7c24f53) Importer(815301076,1909f56bfc062723c751e8b465ee728b)  -> (artifact id: 'd9ac68116125b7e3e5c4d318d4ff7a68') in 0.017951 seconds 
========================================================================
Received Import Request.
  Time since last request: 14.319902 seconds.
  path: Assets/Resources/simon-lee-IEgvy4o3byM-unsplash.jpg
  artifactKey: Guid(dc260319fb50f44d2a6ead62013aece0) Importer(815301076,1909f56bfc062723c751e8b465ee728b)
Start importing Assets/Resources/simon-lee-IEgvy4o3byM-unsplash.jpg using Guid(dc260319fb50f44d2a6ead62013aece0) Importer(815301076,1909f56bfc062723c751e8b465ee728b)  -> (artifact id: 'f31384593438ba8dc88be128b71d44fa') in 0.017938 seconds 
========================================================================
Received Import Request.
  Time since last request: 6.653476 seconds.
  path: Assets/Resources/l4-2.mat
  artifactKey: Guid(d01aebb28b35549ba85382523725bc4c) Importer(815301076,1909f56bfc062723c751e8b465ee728b)
Start importing Assets/Resources/l4-2.mat using Guid(d01aebb28b35549ba85382523725bc4c) Importer(815301076,1909f56bfc062723c751e8b465ee728b)  -> (artifact id: '915081975461b026e5f1af55a3ea3d32') in 0.015724 seconds 
========================================================================
Received Import Request.
  Time since last request: 12.505375 seconds.
  path: Assets/Resources/l4-3.mat
  artifactKey: Guid(b3dfd6e0f581544f8b06fc72dd598268) Importer(815301076,1909f56bfc062723c751e8b465ee728b)
Start importing Assets/Resources/l4-3.mat using Guid(b3dfd6e0f581544f8b06fc72dd598268) Importer(815301076,1909f56bfc062723c751e8b465ee728b)  -> (artifact id: '6acb49d2f37d05aa5283c61249fed07b') in 0.007503 seconds 
========================================================================
Received Import Request.
  Time since last request: 3.702682 seconds.
  path: Assets/Resources/8machine-_-GVAYgLlpeZ8-unsplash.jpg
  artifactKey: Guid(b67c1af688763478ab67bd8c11fb8e61) Importer(815301076,1909f56bfc062723c751e8b465ee728b)
Start importing Assets/Resources/8machine-_-GVAYgLlpeZ8-unsplash.jpg using Guid(b67c1af688763478ab67bd8c11fb8e61) Importer(815301076,1909f56bfc062723c751e8b465ee728b)  -> (artifact id: 'd50a851aa8ea3f1a0064377bc7b0064a') in 0.007963 seconds 
========================================================================
Received Import Request.
  Time since last request: 10.682498 seconds.
  path: Assets/Resources/l4-4.mat
  artifactKey: Guid(a1ad703a7b9404c1197e00fc9c6be132) Importer(815301076,1909f56bfc062723c751e8b465ee728b)
Start importing Assets/Resources/l4-4.mat using Guid(a1ad703a7b9404c1197e00fc9c6be132) Importer(815301076,1909f56bfc062723c751e8b465ee728b)  -> (artifact id: '73b8e9a7c855fe2dbafcfb7db77fb0fa') in 0.010960 seconds 
========================================================================
Received Import Request.
  Time since last request: 3.909202 seconds.
  path: Assets/Resources/8machine-_-eUZa0bRozIM-unsplash.jpg
  artifactKey: Guid(4992c6139d5dd4b93a67fc9c754f1091) Importer(815301076,1909f56bfc062723c751e8b465ee728b)
Start importing Assets/Resources/8machine-_-eUZa0bRozIM-unsplash.jpg using Guid(4992c6139d5dd4b93a67fc9c754f1091) Importer(815301076,1909f56bfc062723c751e8b465ee728b)  -> (artifact id: 'cc0368269f20c44bf435e0bb4f9cd27c') in 0.017169 seconds 
========================================================================
Received Import Request.
  Time since last request: 10.183899 seconds.
  path: Assets/Resources/l4-5.mat
  artifactKey: Guid(0f046899421c04f83951fb98bebd045e) Importer(815301076,1909f56bfc062723c751e8b465ee728b)
Start importing Assets/Resources/l4-5.mat using Guid(0f046899421c04f83951fb98bebd045e) Importer(815301076,1909f56bfc062723c751e8b465ee728b)  -> (artifact id: '666f73e65b1730c63544c51f01149d8f') in 0.012700 seconds 
========================================================================
Received Import Request.
  Time since last request: 4.781325 seconds.
  path: Assets/Resources/simon-lee-Prx96KdmWj0-unsplash.jpg
  artifactKey: Guid(f083bd6c87a7f423492cb7f1b0a99e60) Importer(815301076,1909f56bfc062723c751e8b465ee728b)
Start importing Assets/Resources/simon-lee-Prx96KdmWj0-unsplash.jpg using Guid(f083bd6c87a7f423492cb7f1b0a99e60) Importer(815301076,1909f56bfc062723c751e8b465ee728b)  -> (artifact id: 'd4f61c255e0e519a59e7e1983f18bc8a') in 0.012625 seconds 
========================================================================
Received Import Request.
  Time since last request: 11.610469 seconds.
  path: Assets/Resources/l4-6.mat
  artifactKey: Guid(2fdadbbe99d1d4110a0fd0fe6167e955) Importer(815301076,1909f56bfc062723c751e8b465ee728b)
Start importing Assets/Resources/l4-6.mat using Guid(2fdadbbe99d1d4110a0fd0fe6167e955) Importer(815301076,1909f56bfc062723c751e8b465ee728b)  -> (artifact id: '18878596fb6670904f0468b9b605f2b0') in 0.014872 seconds 
========================================================================
Received Import Request.
  Time since last request: 3.575381 seconds.
  path: Assets/Resources/simon-lee-ORT46c9-AKA-unsplash.jpg
  artifactKey: Guid(724466fb498ce4c8b89b5cad535c2a66) Importer(815301076,1909f56bfc062723c751e8b465ee728b)
Start importing Assets/Resources/simon-lee-ORT46c9-AKA-unsplash.jpg using Guid(724466fb498ce4c8b89b5cad535c2a66) Importer(815301076,1909f56bfc062723c751e8b465ee728b)  -> (artifact id: '1046b26e584f6de33029707e5257ebc6') in 0.009342 seconds 
========================================================================
Received Import Request.
  Time since last request: 9.473733 seconds.
  path: Assets/Resources/l4-7.mat
  artifactKey: Guid(6db8f18ea85dd4453b1b9f37288ceb78) Importer(815301076,1909f56bfc062723c751e8b465ee728b)
Start importing Assets/Resources/l4-7.mat using Guid(6db8f18ea85dd4453b1b9f37288ceb78) Importer(815301076,1909f56bfc062723c751e8b465ee728b)  -> (artifact id: '69b8398b7f7765a5f217461ff1468476') in 0.013998 seconds 
========================================================================
Received Import Request.
  Time since last request: 4.474637 seconds.
  path: Assets/Resources/simon-lee-U00xWfo5yJA-unsplash.jpg
  artifactKey: Guid(5bf059d9af61f48be8a268499ff1c10d) Importer(815301076,1909f56bfc062723c751e8b465ee728b)
Start importing Assets/Resources/simon-lee-U00xWfo5yJA-unsplash.jpg using Guid(5bf059d9af61f48be8a268499ff1c10d) Importer(815301076,1909f56bfc062723c751e8b465ee728b)  -> (artifact id: '2f4f4a4de73b9cee52fc49a499532418') in 0.011895 seconds 
========================================================================
Received Import Request.
  Time since last request: 14.105030 seconds.
  path: Assets/Resources/l4-8.mat
  artifactKey: Guid(52852f71cbfc045c1879cad697bd00e9) Importer(815301076,1909f56bfc062723c751e8b465ee728b)
Start importing Assets/Resources/l4-8.mat using Guid(52852f71cbfc045c1879cad697bd00e9) Importer(815301076,1909f56bfc062723c751e8b465ee728b)  -> (artifact id: '8af0b26116a3dd62639ac7fc8684181b') in 0.014847 seconds 
========================================================================
Received Import Request.
  Time since last request: 3.922780 seconds.
  path: Assets/Resources/simon-lee-2FWcYzN7X_c-unsplash.jpg
  artifactKey: Guid(75683d8615bed4a05bdf071bf7439790) Importer(815301076,1909f56bfc062723c751e8b465ee728b)
Start importing Assets/Resources/simon-lee-2FWcYzN7X_c-unsplash.jpg using Guid(75683d8615bed4a05bdf071bf7439790) Importer(815301076,1909f56bfc062723c751e8b465ee728b)  -> (artifact id: '4def58aa76f43f401f18a6f867e2ba34') in 0.008756 seconds 
========================================================================
Received Import Request.
  Time since last request: 11.598546 seconds.
  path: Assets/Resources/l4-9.mat
  artifactKey: Guid(6708ce173808b4612baed1e125870423) Importer(815301076,1909f56bfc062723c751e8b465ee728b)
Start importing Assets/Resources/l4-9.mat using Guid(6708ce173808b4612baed1e125870423) Importer(815301076,1909f56bfc062723c751e8b465ee728b)  -> (artifact id: '5c42bb78135ce98e94f209fa29fd2253') in 0.013502 seconds 
========================================================================
Received Import Request.
  Time since last request: 3.683256 seconds.
  path: Assets/Resources/simon-lee-ynmPY1MLwMs-unsplash.jpg
  artifactKey: Guid(487d4fc88cd0246959bf8cf0eca08e5f) Importer(815301076,1909f56bfc062723c751e8b465ee728b)
Start importing Assets/Resources/simon-lee-ynmPY1MLwMs-unsplash.jpg using Guid(487d4fc88cd0246959bf8cf0eca08e5f) Importer(815301076,1909f56bfc062723c751e8b465ee728b)  -> (artifact id: '59f5bd2ba8db14077c59418eb9217410') in 0.010061 seconds 
========================================================================
Received Import Request.
  Time since last request: 11.433315 seconds.
  path: Assets/Resources/l4-10.mat
  artifactKey: Guid(595bfeeb5da7b4b8fa1575c001736132) Importer(815301076,1909f56bfc062723c751e8b465ee728b)
Start importing Assets/Resources/l4-10.mat using Guid(595bfeeb5da7b4b8fa1575c001736132) Importer(815301076,1909f56bfc062723c751e8b465ee728b)  -> (artifact id: '00d8436944cf3c5a9ac5414c7581725c') in 0.015978 seconds 
========================================================================
Received Import Request.
  Time since last request: 3.826639 seconds.
  path: Assets/Resources/simon-lee-pP7mDtIjFKA-unsplash.jpg
  artifactKey: Guid(8f58e8722d31741deb5a5dc632e7a8d8) Importer(815301076,1909f56bfc062723c751e8b465ee728b)
Start importing Assets/Resources/simon-lee-pP7mDtIjFKA-unsplash.jpg using Guid(8f58e8722d31741deb5a5dc632e7a8d8) Importer(815301076,1909f56bfc062723c751e8b465ee728b)  -> (artifact id: '76fb9d42f87216eec7fb1bd5b7bc9ceb') in 0.011952 seconds 
========================================================================
Received Import Request.
  Time since last request: 19.743002 seconds.
  path: Assets/Resources/l4-11.mat
  artifactKey: Guid(aed8f4ef22b614e748e7f38805fa2f3d) Importer(815301076,1909f56bfc062723c751e8b465ee728b)
Start importing Assets/Resources/l4-11.mat using Guid(aed8f4ef22b614e748e7f38805fa2f3d) Importer(815301076,1909f56bfc062723c751e8b465ee728b)  -> (artifact id: '2b14d1df62f6fb7425f7af5aa9eade93') in 0.017821 seconds 
========================================================================
Received Import Request.
  Time since last request: 3.952412 seconds.
  path: Assets/Resources/simon-lee-ldg40aCeOXo-unsplash.jpg
  artifactKey: Guid(f0de81dbc6c56447eab8832c9bc5ca93) Importer(815301076,1909f56bfc062723c751e8b465ee728b)
Start importing Assets/Resources/simon-lee-ldg40aCeOXo-unsplash.jpg using Guid(f0de81dbc6c56447eab8832c9bc5ca93) Importer(815301076,1909f56bfc062723c751e8b465ee728b)  -> (artifact id: '3702d26cab233cfa78cfe07aada5cbd4') in 0.011162 seconds 
========================================================================
Received Prepare
Registering precompiled user dll's ...
Registered in 0.005193 seconds.
Begin MonoManager ReloadAssembly
Symbol file LoadedFromMemory doesn't match image /Users/saragraveline/Desktop/CART 315/Bunny-Detective--Tile-Hunt-Adventure/Bunny Detective - Tile Hunt Adventure/Library/PackageCache/com.unity.visualscripting@1.7.8/Editor/VisualScripting.Core/Dependencies/YamlDotNet/Unity.VisualScripting.YamlDotNet.dll
Symbol file LoadedFromMemory doesn't match image /Users/saragraveline/Desktop/CART 315/Bunny-Detective--Tile-Hunt-Adventure/Bunny Detective - Tile Hunt Adventure/Library/PackageCache/com.unity.visualscripting@1.7.8/Editor/VisualScripting.Core/Dependencies/DotNetZip/Unity.VisualScripting.IonicZip.dll
Native extension for OSXStandalone target not found
Refreshing native plugins compatible for Editor in 1.00 ms, found 2 plugins.
Preloading 0 native plugins for Editor in 0.00 ms.
Mono: successfully reloaded assembly
- Completed reload, in  1.293 seconds
Domain Reload Profiling:
	ReloadAssembly (1294ms)
		BeginReloadAssembly (158ms)
			ExecutionOrderSort (0ms)
			DisableScriptedObjects (6ms)
			BackupInstance (0ms)
			ReleaseScriptingObjects (0ms)
			CreateAndSetChildDomain (59ms)
		EndReloadAssembly (1011ms)
			LoadAssemblies (91ms)
			RebuildTransferFunctionScriptingTraits (0ms)
			SetupTypeCache (363ms)
			ReleaseScriptCaches (1ms)
			RebuildScriptCaches (55ms)
			SetupLoadedEditorAssemblies (450ms)
				LogAssemblyErrors (0ms)
				InitializePlatformSupportModulesInManaged (10ms)
				SetLoadedEditorAssemblies (1ms)
				RefreshPlugins (1ms)
				BeforeProcessingInitializeOnLoad (78ms)
				ProcessInitializeOnLoadAttributes (334ms)
				ProcessInitializeOnLoadMethodAttributes (24ms)
				AfterProcessingInitializeOnLoad (2ms)
				EditorAssembliesLoaded (0ms)
			ExecutionOrderSort2 (0ms)
			AwakeInstancesAfterBackupRestoration (4ms)
Platform modules already initialized, skipping
Refreshing native plugins compatible for Editor in 2.74 ms, found 2 plugins.
Preloading 0 native plugins for Editor in 0.00 ms.
Unloading 3721 Unused Serialized files (Serialized files now loaded: 0)
Unloading 23 unused Assets / (124.1 KB). Loaded Objects now: 4276.
Memory consumption went from 144.3 MB to 144.2 MB.
Total: 3.867367 ms (FindLiveObjects: 0.344189 ms CreateObjectMapping: 0.198517 ms MarkObjects: 3.176618 ms  DeleteObjects: 0.147256 ms)

AssetImportParameters requested are different than current active one (requested -> active):
  custom:video-decoder-ogg-theora: a1e56fd34408186e4bbccfd4996cb3dc -> 
  custom:container-muxer-webm: aa71ff27fc2769a1b78a27578f13a17b -> 
  custom:container-demuxer-webm: 4f35f7cbe854078d1ac9338744f61a02 -> 
  custom:video-encoder-webm-vp8: eb34c28f22e8b96e1ab97ce403110664 -> 
  custom:framework-osx-AVFoundation: e770b220cccbd017edd2c1fefb359320 -> 
  custom:audio-encoder-webm-vorbis: bf7c407c2cedff20999df2af8eb42d56 -> 
  custom:container-demuxer-ogg: 62fdf1f143b41e24485cea50d1cbac27 -> 
  custom:video-decoder-webm-vp8: 9c59270c3fd7afecdb556c50c9e8de78 -> 
  custom:audio-decoder-ogg-vorbis: bf7c407c2cedff20999df2af8eb42d56 -> 
========================================================================
Received Prepare
Registering precompiled user dll's ...
Registered in 0.007507 seconds.
Begin MonoManager ReloadAssembly
Symbol file LoadedFromMemory doesn't match image /Users/saragraveline/Desktop/CART 315/Bunny-Detective--Tile-Hunt-Adventure/Bunny Detective - Tile Hunt Adventure/Library/PackageCache/com.unity.visualscripting@1.7.8/Editor/VisualScripting.Core/Dependencies/YamlDotNet/Unity.VisualScripting.YamlDotNet.dll
Symbol file LoadedFromMemory doesn't match image /Users/saragraveline/Desktop/CART 315/Bunny-Detective--Tile-Hunt-Adventure/Bunny Detective - Tile Hunt Adventure/Library/PackageCache/com.unity.visualscripting@1.7.8/Editor/VisualScripting.Core/Dependencies/DotNetZip/Unity.VisualScripting.IonicZip.dll
Native extension for OSXStandalone target not found
Refreshing native plugins compatible for Editor in 0.85 ms, found 2 plugins.
Preloading 0 native plugins for Editor in 0.00 ms.
Mono: successfully reloaded assembly
- Completed reload, in  1.300 seconds
Domain Reload Profiling:
	ReloadAssembly (1300ms)
		BeginReloadAssembly (162ms)
			ExecutionOrderSort (0ms)
			DisableScriptedObjects (10ms)
			BackupInstance (0ms)
			ReleaseScriptingObjects (0ms)
			CreateAndSetChildDomain (57ms)
		EndReloadAssembly (1017ms)
			LoadAssemblies (89ms)
			RebuildTransferFunctionScriptingTraits (0ms)
			SetupTypeCache (365ms)
			ReleaseScriptCaches (1ms)
			RebuildScriptCaches (55ms)
			SetupLoadedEditorAssemblies (458ms)
				LogAssemblyErrors (0ms)
				InitializePlatformSupportModulesInManaged (10ms)
				SetLoadedEditorAssemblies (1ms)
				RefreshPlugins (1ms)
				BeforeProcessingInitializeOnLoad (81ms)
				ProcessInitializeOnLoadAttributes (334ms)
				ProcessInitializeOnLoadMethodAttributes (29ms)
				AfterProcessingInitializeOnLoad (2ms)
				EditorAssembliesLoaded (0ms)
			ExecutionOrderSort2 (0ms)
			AwakeInstancesAfterBackupRestoration (4ms)
Platform modules already initialized, skipping
Refreshing native plugins compatible for Editor in 2.78 ms, found 2 plugins.
Preloading 0 native plugins for Editor in 0.00 ms.
Unloading 3721 Unused Serialized files (Serialized files now loaded: 0)
Unloading 23 unused Assets / (116.2 KB). Loaded Objects now: 4279.
Memory consumption went from 144.3 MB to 144.2 MB.
Total: 3.753542 ms (FindLiveObjects: 0.346648 ms CreateObjectMapping: 0.282442 ms MarkObjects: 2.904580 ms  DeleteObjects: 0.219165 ms)

AssetImportParameters requested are different than current active one (requested -> active):
  custom:video-decoder-ogg-theora: a1e56fd34408186e4bbccfd4996cb3dc -> 
  custom:container-muxer-webm: aa71ff27fc2769a1b78a27578f13a17b -> 
  custom:container-demuxer-webm: 4f35f7cbe854078d1ac9338744f61a02 -> 
  custom:video-encoder-webm-vp8: eb34c28f22e8b96e1ab97ce403110664 -> 
  custom:framework-osx-AVFoundation: e770b220cccbd017edd2c1fefb359320 -> 
  custom:audio-encoder-webm-vorbis: bf7c407c2cedff20999df2af8eb42d56 -> 
  custom:container-demuxer-ogg: 62fdf1f143b41e24485cea50d1cbac27 -> 
  custom:video-decoder-webm-vp8: 9c59270c3fd7afecdb556c50c9e8de78 -> 
  custom:audio-decoder-ogg-vorbis: bf7c407c2cedff20999df2af8eb42d56 -> 
========================================================================
Received Import Request.
  Time since last request: 1512.444357 seconds.
  path: Assets/Resources/l4-1.mat
  artifactKey: Guid(947516ebca38a4491946b9a59484132f) Importer(815301076,1909f56bfc062723c751e8b465ee728b)
Start importing Assets/Resources/l4-1.mat using Guid(947516ebca38a4491946b9a59484132f) Importer(815301076,1909f56bfc062723c751e8b465ee728b)  -> (artifact id: 'a3ff03daf103028a045e204b29c1b7d1') in 0.091702 seconds 
========================================================================
Received Import Request.
  Time since last request: 0.000059 seconds.
  path: Assets/Resources/l4-4.mat
  artifactKey: Guid(a1ad703a7b9404c1197e00fc9c6be132) Importer(815301076,1909f56bfc062723c751e8b465ee728b)
Start importing Assets/Resources/l4-4.mat using Guid(a1ad703a7b9404c1197e00fc9c6be132) Importer(815301076,1909f56bfc062723c751e8b465ee728b)  -> (artifact id: 'bd982c8b67b62d53cf4be5ecf3a8b02e') in 0.023711 seconds 
========================================================================
Received Import Request.
  Time since last request: 0.000060 seconds.
  path: Assets/Resources/l4-3.mat
  artifactKey: Guid(b3dfd6e0f581544f8b06fc72dd598268) Importer(815301076,1909f56bfc062723c751e8b465ee728b)
Start importing Assets/Resources/l4-3.mat using Guid(b3dfd6e0f581544f8b06fc72dd598268) Importer(815301076,1909f56bfc062723c751e8b465ee728b)  -> (artifact id: 'f866db60964c77921f7f1fce0fc1c8f0') in 0.013343 seconds 
========================================================================
Received Import Request.
  Time since last request: 0.000058 seconds.
  path: Assets/Resources/l4-5.mat
  artifactKey: Guid(0f046899421c04f83951fb98bebd045e) Importer(815301076,1909f56bfc062723c751e8b465ee728b)
Start importing Assets/Resources/l4-5.mat using Guid(0f046899421c04f83951fb98bebd045e) Importer(815301076,1909f56bfc062723c751e8b465ee728b)  -> (artifact id: 'e844d207ddf5a4df3d5281b36e260501') in 0.010339 seconds 
========================================================================
Received Import Request.
  Time since last request: 0.000053 seconds.
  path: Assets/Resources/l4-6.mat
  artifactKey: Guid(2fdadbbe99d1d4110a0fd0fe6167e955) Importer(815301076,1909f56bfc062723c751e8b465ee728b)
Start importing Assets/Resources/l4-6.mat using Guid(2fdadbbe99d1d4110a0fd0fe6167e955) Importer(815301076,1909f56bfc062723c751e8b465ee728b)  -> (artifact id: '62f9e9a7db315aa14c477d5f0763e1b8') in 0.013388 seconds 
========================================================================
Received Import Request.
  Time since last request: 0.000073 seconds.
  path: Assets/Resources/l4-8.mat
  artifactKey: Guid(52852f71cbfc045c1879cad697bd00e9) Importer(815301076,1909f56bfc062723c751e8b465ee728b)
Start importing Assets/Resources/l4-8.mat using Guid(52852f71cbfc045c1879cad697bd00e9) Importer(815301076,1909f56bfc062723c751e8b465ee728b)  -> (artifact id: '18b86ee9c44524d6e6bf1df70ca261c5') in 0.015754 seconds 
========================================================================
Received Import Request.
  Time since last request: 0.000084 seconds.
  path: Assets/Resources/l4-7.mat
  artifactKey: Guid(6db8f18ea85dd4453b1b9f37288ceb78) Importer(815301076,1909f56bfc062723c751e8b465ee728b)
Start importing Assets/Resources/l4-7.mat using Guid(6db8f18ea85dd4453b1b9f37288ceb78) Importer(815301076,1909f56bfc062723c751e8b465ee728b)  -> (artifact id: '3499d098da67b0ddadfc5f690cc3aade') in 0.014792 seconds 
========================================================================
Received Import Request.
  Time since last request: 0.000116 seconds.
  path: Assets/Resources/l4-10.mat
  artifactKey: Guid(595bfeeb5da7b4b8fa1575c001736132) Importer(815301076,1909f56bfc062723c751e8b465ee728b)
Start importing Assets/Resources/l4-10.mat using Guid(595bfeeb5da7b4b8fa1575c001736132) Importer(815301076,1909f56bfc062723c751e8b465ee728b)  -> (artifact id: '234e34c7916fc73b1212cba7e4ca7d3c') in 0.017952 seconds 
========================================================================
Received Import Request.
  Time since last request: 0.000094 seconds.
  path: Assets/Resources/l4-11.mat
  artifactKey: Guid(aed8f4ef22b614e748e7f38805fa2f3d) Importer(815301076,1909f56bfc062723c751e8b465ee728b)
Start importing Assets/Resources/l4-11.mat using Guid(aed8f4ef22b614e748e7f38805fa2f3d) Importer(815301076,1909f56bfc062723c751e8b465ee728b)  -> (artifact id: '9867b8daa60ff7420e71e94c34fedc52') in 0.016162 seconds 
========================================================================
Received Import Request.
  Time since last request: 0.000101 seconds.
  path: Assets/Resources/l4-9.mat
  artifactKey: Guid(6708ce173808b4612baed1e125870423) Importer(815301076,1909f56bfc062723c751e8b465ee728b)
Start importing Assets/Resources/l4-9.mat using Guid(6708ce173808b4612baed1e125870423) Importer(815301076,1909f56bfc062723c751e8b465ee728b)  -> (artifact id: '2cd7d54b19d179b25efaf1fa9e5be864') in 0.013638 seconds 
========================================================================
Received Prepare
Registering precompiled user dll's ...
Registered in 0.004821 seconds.
Begin MonoManager ReloadAssembly
Symbol file LoadedFromMemory doesn't match image /Users/saragraveline/Desktop/CART 315/Bunny-Detective--Tile-Hunt-Adventure/Bunny Detective - Tile Hunt Adventure/Library/PackageCache/com.unity.visualscripting@1.7.8/Editor/VisualScripting.Core/Dependencies/YamlDotNet/Unity.VisualScripting.YamlDotNet.dll
Symbol file LoadedFromMemory doesn't match image /Users/saragraveline/Desktop/CART 315/Bunny-Detective--Tile-Hunt-Adventure/Bunny Detective - Tile Hunt Adventure/Library/PackageCache/com.unity.visualscripting@1.7.8/Editor/VisualScripting.Core/Dependencies/DotNetZip/Unity.VisualScripting.IonicZip.dll
Native extension for OSXStandalone target not found
Refreshing native plugins compatible for Editor in 0.64 ms, found 2 plugins.
Preloading 0 native plugins for Editor in 0.00 ms.
Mono: successfully reloaded assembly
- Completed reload, in  1.448 seconds
Domain Reload Profiling:
	ReloadAssembly (1449ms)
		BeginReloadAssembly (158ms)
			ExecutionOrderSort (0ms)
			DisableScriptedObjects (5ms)
			BackupInstance (0ms)
			ReleaseScriptingObjects (0ms)
			CreateAndSetChildDomain (61ms)
		EndReloadAssembly (1170ms)
			LoadAssemblies (90ms)
			RebuildTransferFunctionScriptingTraits (0ms)
			SetupTypeCache (416ms)
			ReleaseScriptCaches (2ms)
			RebuildScriptCaches (59ms)
			SetupLoadedEditorAssemblies (546ms)
				LogAssemblyErrors (0ms)
				InitializePlatformSupportModulesInManaged (11ms)
				SetLoadedEditorAssemblies (1ms)
				RefreshPlugins (1ms)
				BeforeProcessingInitializeOnLoad (79ms)
				ProcessInitializeOnLoadAttributes (422ms)
				ProcessInitializeOnLoadMethodAttributes (30ms)
				AfterProcessingInitializeOnLoad (2ms)
				EditorAssembliesLoaded (0ms)
			ExecutionOrderSort2 (0ms)
			AwakeInstancesAfterBackupRestoration (5ms)
Platform modules already initialized, skipping
Refreshing native plugins compatible for Editor in 1.70 ms, found 2 plugins.
Preloading 0 native plugins for Editor in 0.00 ms.
Unloading 3721 Unused Serialized files (Serialized files now loaded: 0)
Unloading 23 unused Assets / (124.1 KB). Loaded Objects now: 4282.
Memory consumption went from 144.3 MB to 144.2 MB.
Total: 3.848833 ms (FindLiveObjects: 0.346408 ms CreateObjectMapping: 0.294019 ms MarkObjects: 3.062464 ms  DeleteObjects: 0.145178 ms)

AssetImportParameters requested are different than current active one (requested -> active):
  custom:video-decoder-ogg-theora: a1e56fd34408186e4bbccfd4996cb3dc -> 
  custom:container-muxer-webm: aa71ff27fc2769a1b78a27578f13a17b -> 
  custom:container-demuxer-webm: 4f35f7cbe854078d1ac9338744f61a02 -> 
  custom:video-encoder-webm-vp8: eb34c28f22e8b96e1ab97ce403110664 -> 
  custom:framework-osx-AVFoundation: e770b220cccbd017edd2c1fefb359320 -> 
  custom:audio-encoder-webm-vorbis: bf7c407c2cedff20999df2af8eb42d56 -> 
  custom:container-demuxer-ogg: 62fdf1f143b41e24485cea50d1cbac27 -> 
  custom:video-decoder-webm-vp8: 9c59270c3fd7afecdb556c50c9e8de78 -> 
  custom:audio-decoder-ogg-vorbis: bf7c407c2cedff20999df2af8eb42d56 -> 
========================================================================
Received Prepare
Registering precompiled user dll's ...
Registered in 0.005687 seconds.
Begin MonoManager ReloadAssembly
Symbol file LoadedFromMemory doesn't match image /Users/saragraveline/Desktop/CART 315/Bunny-Detective--Tile-Hunt-Adventure/Bunny Detective - Tile Hunt Adventure/Library/PackageCache/com.unity.visualscripting@1.7.8/Editor/VisualScripting.Core/Dependencies/YamlDotNet/Unity.VisualScripting.YamlDotNet.dll
Symbol file LoadedFromMemory doesn't match image /Users/saragraveline/Desktop/CART 315/Bunny-Detective--Tile-Hunt-Adventure/Bunny Detective - Tile Hunt Adventure/Library/PackageCache/com.unity.visualscripting@1.7.8/Editor/VisualScripting.Core/Dependencies/DotNetZip/Unity.VisualScripting.IonicZip.dll
Native extension for OSXStandalone target not found
Refreshing native plugins compatible for Editor in 0.84 ms, found 2 plugins.
Preloading 0 native plugins for Editor in 0.00 ms.
Mono: successfully reloaded assembly
- Completed reload, in  1.534 seconds
Domain Reload Profiling:
	ReloadAssembly (1535ms)
		BeginReloadAssembly (166ms)
			ExecutionOrderSort (0ms)
			DisableScriptedObjects (7ms)
			BackupInstance (0ms)
			ReleaseScriptingObjects (0ms)
			CreateAndSetChildDomain (63ms)
		EndReloadAssembly (1238ms)
			LoadAssemblies (89ms)
			RebuildTransferFunctionScriptingTraits (0ms)
			SetupTypeCache (433ms)
			ReleaseScriptCaches (2ms)
			RebuildScriptCaches (59ms)
			SetupLoadedEditorAssemblies (591ms)
				LogAssemblyErrors (0ms)
				InitializePlatformSupportModulesInManaged (15ms)
				SetLoadedEditorAssemblies (1ms)
				RefreshPlugins (1ms)
				BeforeProcessingInitializeOnLoad (90ms)
				ProcessInitializeOnLoadAttributes (445ms)
				ProcessInitializeOnLoadMethodAttributes (36ms)
				AfterProcessingInitializeOnLoad (3ms)
				EditorAssembliesLoaded (0ms)
			ExecutionOrderSort2 (0ms)
			AwakeInstancesAfterBackupRestoration (5ms)
Platform modules already initialized, skipping
Refreshing native plugins compatible for Editor in 1.74 ms, found 2 plugins.
Preloading 0 native plugins for Editor in 0.00 ms.
Unloading 3721 Unused Serialized files (Serialized files now loaded: 0)
Unloading 23 unused Assets / (124.0 KB). Loaded Objects now: 4285.
Memory consumption went from 144.3 MB to 144.2 MB.
Total: 4.017857 ms (FindLiveObjects: 0.366897 ms CreateObjectMapping: 0.290287 ms MarkObjects: 3.163833 ms  DeleteObjects: 0.195988 ms)

AssetImportParameters requested are different than current active one (requested -> active):
  custom:video-decoder-ogg-theora: a1e56fd34408186e4bbccfd4996cb3dc -> 
  custom:container-muxer-webm: aa71ff27fc2769a1b78a27578f13a17b -> 
  custom:container-demuxer-webm: 4f35f7cbe854078d1ac9338744f61a02 -> 
  custom:video-encoder-webm-vp8: eb34c28f22e8b96e1ab97ce403110664 -> 
  custom:framework-osx-AVFoundation: e770b220cccbd017edd2c1fefb359320 -> 
  custom:audio-encoder-webm-vorbis: bf7c407c2cedff20999df2af8eb42d56 -> 
  custom:container-demuxer-ogg: 62fdf1f143b41e24485cea50d1cbac27 -> 
  custom:video-decoder-webm-vp8: 9c59270c3fd7afecdb556c50c9e8de78 -> 
  custom:audio-decoder-ogg-vorbis: bf7c407c2cedff20999df2af8eb42d56 -> 
Editor requested this worker to shutdown with reason: Scaling down because of idle timeout
AssetImportWorker is now disconnected from the server
Process exiting
